<?xml version="1.0" encoding="UTF-8"?>
<testsuites name="itemReg" time="26" tests="5" failures="0" errors="0">
   <testsuite name="itemReg" tests="5" failures="0" errors="0" time="26" timestamp="2018-12-19 20:37:33" hostname="Rayees - Rayees-PC" id="Test Suites/itemReg">
      <properties>
         <property name="deviceName" value=""/>
         <property name="devicePlatform" value=""/>
         <property name="logFolder" value="C:\\Users\\Rayees\\Desktop\\organic\\Reports\\itemReg\\20181219_203730"/>
         <property name="logFiles" value="C:\\Users\\Rayees\\Desktop\\organic\\Reports\\itemReg\\20181219_203730\\execution0.log"/>
         <property name="attachments" value=""/>
         <property name="hostName" value="Rayees - Rayees-PC"/>
         <property name="os" value="Windows 7 32bit"/>
         <property name="katalonVersion" value="5.8.6.1"/>
         <property name="browser" value="Chrome 70.0.3538.110"/>
         <property name="hostAddress" value="192.168.1.119"/>
         <property name="sessionId" value="326dc0b71a5966f50ed2c80a967b14ea"/>
         <property name="seleniumVersion" value="3.7.1"/>
         <property name="proxyInformation" value="ProxyInformation{proxyOption=NO_PROXY, proxyServerType=HTTP, password=, proxyServerAddress=, proxyServerPort=0}"/>
         <property name="platform" value="Windows 7"/>
      </properties>
      <testcase name="Test Cases/logIn" classname="Test Cases/logIn" status="PASSED">
         <system-out><![CDATA[2018-12-19 20:37:33 - [TEST_CASE][PASSED] - Test Cases/logIn: Test Cases/logIn

2018-12-19 20:37:34 - [TEST_STEP][PASSED] - openBrowser: Browser is opened with url: ''

2018-12-19 20:37:37 - [MESSAGE][PASSED] - Browser is opened with url: ''

2018-12-19 20:37:37 - [TEST_STEP][PASSED] - navigateToUrl: Navigate to 'http://mie.zapto.org:8080/organic/spring_security_login;jsessionid=39FF6051A1022C879F4C2A402172B1C0' successfully

2018-12-19 20:37:40 - [MESSAGE][PASSED] - Navigate to 'http://mie.zapto.org:8080/organic/spring_security_login;jsessionid=39FF6051A1022C879F4C2A402172B1C0' successfully

2018-12-19 20:37:40 - [TEST_STEP][PASSED] - setText: Text 'boss.organic' is set on object 'Object Repository/Page_Login Page/input_User_j_username'

2018-12-19 20:37:41 - [MESSAGE][PASSED] - Text 'boss.organic' is set on object 'Object Repository/Page_Login Page/input_User_j_username'

2018-12-19 20:37:41 - [TEST_STEP][PASSED] - setEncryptedText: Text ****** has been set on object 'Object Repository/Page_Login Page/input_Password_j_password'

2018-12-19 20:37:41 - [MESSAGE][PASSED] - Text ****** has been set on object 'Object Repository/Page_Login Page/input_Password_j_password'

2018-12-19 20:37:41 - [TEST_STEP][PASSED] - click: Object: 'Object Repository/Page_Login Page/input_Password_submit' is clicked on

2018-12-19 20:37:45 - [MESSAGE][PASSED] - Object: 'Object Repository/Page_Login Page/input_Password_submit' is clicked on]]></system-out>
         <system-err><![CDATA[]]></system-err>
      </testcase>
      <testcase name="Test Cases/ItemRegURL" classname="Test Cases/ItemRegURL" status="PASSED">
         <system-out><![CDATA[2018-12-19 20:37:45 - [TEST_CASE][PASSED] - Test Cases/ItemRegURL: Test Cases/ItemRegURL

2018-12-19 20:37:46 - [TEST_STEP][PASSED] - navigateToUrl: Navigate to 'http://mie.zapto.org:8080/organic/modules/Item' successfully

2018-12-19 20:37:49 - [MESSAGE][PASSED] - Navigate to 'http://mie.zapto.org:8080/organic/modules/Item' successfully]]></system-out>
         <system-err><![CDATA[]]></system-err>
      </testcase>
      <testcase name="Test Cases/itemReg" classname="Test Cases/itemReg" status="PASSED">
         <system-out><![CDATA[2018-12-19 20:37:49 - [TEST_CASE][PASSED] - Test Cases/itemReg: Test Cases/itemReg

2018-12-19 20:37:49 - [TEST_STEP][PASSED] - click: Object: 'Object Repository/Page_organic - Stock Registration/a_  New (1)' is clicked on

2018-12-19 20:37:50 - [MESSAGE][PASSED] - Object: 'Object Repository/Page_organic - Stock Registration/a_  New (1)' is clicked on

2018-12-19 20:37:50 - [TEST_STEP][PASSED] - setText: Text 'CAKE' is set on object 'Object Repository/Page_organic - Stock Registration/input_ItemName_ox_organic_Item (1)'

2018-12-19 20:37:50 - [MESSAGE][PASSED] - Text 'CAKE' is set on object 'Object Repository/Page_organic - Stock Registration/input_ItemName_ox_organic_Item (1)'

2018-12-19 20:37:50 - [TEST_STEP][PASSED] - selectOptionByValue: All options with value '4' are selected in object 'Object Repository/Page_organic - Stock Registration/select_BOTTLES LANKA (PVT) LTD (1)'  using regular expression

2018-12-19 20:37:51 - [MESSAGE][PASSED] - All options with value '4' are selected in object 'Object Repository/Page_organic - Stock Registration/select_BOTTLES LANKA (PVT) LTD (1)'  using regular expression

2018-12-19 20:37:51 - [TEST_STEP][PASSED] - selectOptionByValue: All options with value '12' are selected in object 'Object Repository/Page_organic - Stock Registration/select_05 GallonDispenserNew B (1)'  using regular expression

2018-12-19 20:37:51 - [MESSAGE][PASSED] - All options with value '12' are selected in object 'Object Repository/Page_organic - Stock Registration/select_05 GallonDispenserNew B (1)'  using regular expression

2018-12-19 20:37:51 - [TEST_STEP][PASSED] - selectOptionByValue: All options with value '1' are selected in object 'Object Repository/Page_organic - Stock Registration/select_MALIBAN PVT LTD null nu'  using regular expression

2018-12-19 20:37:51 - [MESSAGE][PASSED] - All options with value '1' are selected in object 'Object Repository/Page_organic - Stock Registration/select_MALIBAN PVT LTD null nu'  using regular expression

2018-12-19 20:37:51 - [TEST_STEP][PASSED] - setText: Text '10.00' is set on object 'Object Repository/Page_organic - Stock Registration/input_ItemDiscount_ox_organic_ (1)'

2018-12-19 20:37:52 - [MESSAGE][PASSED] - Text '10.00' is set on object 'Object Repository/Page_organic - Stock Registration/input_ItemDiscount_ox_organic_ (1)'

2018-12-19 20:37:52 - [TEST_STEP][PASSED] - click: Object: 'Object Repository/Page_organic - Stock Registration/a_  Save (1)' is clicked on

2018-12-19 20:37:52 - [MESSAGE][PASSED] - Object: 'Object Repository/Page_organic - Stock Registration/a_  Save (1)' is clicked on

2018-12-19 20:37:52 - [TEST_STEP][PASSED] - click: Object: 'Object Repository/Page_organic - Stock Registration/td_Stock Registration created' is clicked on

2018-12-19 20:37:53 - [MESSAGE][PASSED] - Object: 'Object Repository/Page_organic - Stock Registration/td_Stock Registration created' is clicked on]]></system-out>
         <system-err><![CDATA[]]></system-err>
      </testcase>
      <testcase name="Test Cases/itemReg" classname="Test Cases/itemReg" status="PASSED">
         <system-out><![CDATA[2018-12-19 20:37:53 - [TEST_CASE][PASSED] - Test Cases/itemReg: Test Cases/itemReg

2018-12-19 20:37:53 - [TEST_STEP][PASSED] - click: Object: 'Object Repository/Page_organic - Stock Registration/a_  New (1)' is clicked on

2018-12-19 20:37:53 - [MESSAGE][PASSED] - Object: 'Object Repository/Page_organic - Stock Registration/a_  New (1)' is clicked on

2018-12-19 20:37:53 - [TEST_STEP][PASSED] - setText: Text 'TOFEE' is set on object 'Object Repository/Page_organic - Stock Registration/input_ItemName_ox_organic_Item (1)'

2018-12-19 20:37:53 - [MESSAGE][PASSED] - Text 'TOFEE' is set on object 'Object Repository/Page_organic - Stock Registration/input_ItemName_ox_organic_Item (1)'

2018-12-19 20:37:53 - [TEST_STEP][PASSED] - selectOptionByValue: All options with value '4' are selected in object 'Object Repository/Page_organic - Stock Registration/select_BOTTLES LANKA (PVT) LTD (1)'  using regular expression

2018-12-19 20:37:54 - [MESSAGE][PASSED] - All options with value '4' are selected in object 'Object Repository/Page_organic - Stock Registration/select_BOTTLES LANKA (PVT) LTD (1)'  using regular expression

2018-12-19 20:37:54 - [TEST_STEP][PASSED] - selectOptionByValue: All options with value '12' are selected in object 'Object Repository/Page_organic - Stock Registration/select_05 GallonDispenserNew B (1)'  using regular expression

2018-12-19 20:37:54 - [MESSAGE][PASSED] - All options with value '12' are selected in object 'Object Repository/Page_organic - Stock Registration/select_05 GallonDispenserNew B (1)'  using regular expression

2018-12-19 20:37:54 - [TEST_STEP][PASSED] - selectOptionByValue: All options with value '1' are selected in object 'Object Repository/Page_organic - Stock Registration/select_MALIBAN PVT LTD null nu'  using regular expression

2018-12-19 20:37:54 - [MESSAGE][PASSED] - All options with value '1' are selected in object 'Object Repository/Page_organic - Stock Registration/select_MALIBAN PVT LTD null nu'  using regular expression

2018-12-19 20:37:54 - [TEST_STEP][PASSED] - setText: Text '10.00' is set on object 'Object Repository/Page_organic - Stock Registration/input_ItemDiscount_ox_organic_ (1)'

2018-12-19 20:37:55 - [MESSAGE][PASSED] - Text '10.00' is set on object 'Object Repository/Page_organic - Stock Registration/input_ItemDiscount_ox_organic_ (1)'

2018-12-19 20:37:55 - [TEST_STEP][PASSED] - click: Object: 'Object Repository/Page_organic - Stock Registration/a_  Save (1)' is clicked on

2018-12-19 20:37:55 - [MESSAGE][PASSED] - Object: 'Object Repository/Page_organic - Stock Registration/a_  Save (1)' is clicked on

2018-12-19 20:37:55 - [TEST_STEP][PASSED] - click: Object: 'Object Repository/Page_organic - Stock Registration/td_Stock Registration created' is clicked on

2018-12-19 20:37:55 - [MESSAGE][PASSED] - Object: 'Object Repository/Page_organic - Stock Registration/td_Stock Registration created' is clicked on]]></system-out>
         <system-err><![CDATA[]]></system-err>
      </testcase>
      <testcase name="Test Cases/itemReg" classname="Test Cases/itemReg" status="PASSED">
         <system-out><![CDATA[2018-12-19 20:37:55 - [TEST_CASE][PASSED] - Test Cases/itemReg: Test Cases/itemReg

2018-12-19 20:37:55 - [TEST_STEP][PASSED] - click: Object: 'Object Repository/Page_organic - Stock Registration/a_  New (1)' is clicked on

2018-12-19 20:37:55 - [MESSAGE][PASSED] - Object: 'Object Repository/Page_organic - Stock Registration/a_  New (1)' is clicked on

2018-12-19 20:37:55 - [TEST_STEP][PASSED] - setText: Text 'BISCUT' is set on object 'Object Repository/Page_organic - Stock Registration/input_ItemName_ox_organic_Item (1)'

2018-12-19 20:37:56 - [MESSAGE][PASSED] - Text 'BISCUT' is set on object 'Object Repository/Page_organic - Stock Registration/input_ItemName_ox_organic_Item (1)'

2018-12-19 20:37:56 - [TEST_STEP][PASSED] - selectOptionByValue: All options with value '4' are selected in object 'Object Repository/Page_organic - Stock Registration/select_BOTTLES LANKA (PVT) LTD (1)'  using regular expression

2018-12-19 20:37:56 - [MESSAGE][PASSED] - All options with value '4' are selected in object 'Object Repository/Page_organic - Stock Registration/select_BOTTLES LANKA (PVT) LTD (1)'  using regular expression

2018-12-19 20:37:56 - [TEST_STEP][PASSED] - selectOptionByValue: All options with value '12' are selected in object 'Object Repository/Page_organic - Stock Registration/select_05 GallonDispenserNew B (1)'  using regular expression

2018-12-19 20:37:56 - [MESSAGE][PASSED] - All options with value '12' are selected in object 'Object Repository/Page_organic - Stock Registration/select_05 GallonDispenserNew B (1)'  using regular expression

2018-12-19 20:37:56 - [TEST_STEP][PASSED] - selectOptionByValue: All options with value '1' are selected in object 'Object Repository/Page_organic - Stock Registration/select_MALIBAN PVT LTD null nu'  using regular expression

2018-12-19 20:37:57 - [MESSAGE][PASSED] - All options with value '1' are selected in object 'Object Repository/Page_organic - Stock Registration/select_MALIBAN PVT LTD null nu'  using regular expression

2018-12-19 20:37:57 - [TEST_STEP][PASSED] - setText: Text '10.00' is set on object 'Object Repository/Page_organic - Stock Registration/input_ItemDiscount_ox_organic_ (1)'

2018-12-19 20:37:57 - [MESSAGE][PASSED] - Text '10.00' is set on object 'Object Repository/Page_organic - Stock Registration/input_ItemDiscount_ox_organic_ (1)'

2018-12-19 20:37:57 - [TEST_STEP][PASSED] - click: Object: 'Object Repository/Page_organic - Stock Registration/a_  Save (1)' is clicked on

2018-12-19 20:37:57 - [MESSAGE][PASSED] - Object: 'Object Repository/Page_organic - Stock Registration/a_  Save (1)' is clicked on

2018-12-19 20:37:57 - [TEST_STEP][PASSED] - click: Object: 'Object Repository/Page_organic - Stock Registration/td_Stock Registration created' is clicked on

2018-12-19 20:37:58 - [MESSAGE][PASSED] - Object: 'Object Repository/Page_organic - Stock Registration/td_Stock Registration created' is clicked on]]></system-out>
         <system-err><![CDATA[]]></system-err>
      </testcase>
      <system-out><![CDATA[2018-12-19 20:37:33 - [TEST_SUITE][PASSED] - itemReg: Test Cases/itemReg]]></system-out>
      <system-err><![CDATA[]]></system-err>
   </testsuite>
</testsuites>
