<?xml version="1.0" encoding="UTF-8"?>
<testsuites name="itemReg" time="53" tests="4" failures="0" errors="0">
   <testsuite name="itemReg" tests="4" failures="0" errors="0" time="53" timestamp="2018-12-19 20:23:09" hostname="Rayees - Rayees-PC" id="Test Suites/itemReg">
      <properties>
         <property name="deviceName" value=""/>
         <property name="devicePlatform" value=""/>
         <property name="logFolder" value="C:\\Users\\Rayees\\Desktop\\organic\\Reports\\itemReg\\20181219_202306"/>
         <property name="logFiles" value="C:\\Users\\Rayees\\Desktop\\organic\\Reports\\itemReg\\20181219_202306\\execution0.log"/>
         <property name="attachments" value=""/>
         <property name="hostName" value="Rayees - Rayees-PC"/>
         <property name="os" value="Windows 7 32bit"/>
         <property name="katalonVersion" value="5.8.6.1"/>
         <property name="browser" value="Chrome 70.0.3538.110"/>
         <property name="hostAddress" value="192.168.1.119"/>
         <property name="sessionId" value="b9b1a9d8516cb3a78393013a9248ab6b"/>
         <property name="seleniumVersion" value="3.7.1"/>
         <property name="proxyInformation" value="ProxyInformation{proxyOption=NO_PROXY, proxyServerType=HTTP, password=, proxyServerAddress=, proxyServerPort=0}"/>
         <property name="platform" value="Windows 7"/>
      </properties>
      <testcase name="Test Cases/logIn" classname="Test Cases/logIn" status="PASSED">
         <system-out><![CDATA[2018-12-19 20:23:10 - [TEST_CASE][PASSED] - Test Cases/logIn: Test Cases/logIn

2018-12-19 20:23:11 - [TEST_STEP][PASSED] - openBrowser: Browser is opened with url: ''

2018-12-19 20:23:40 - [MESSAGE][PASSED] - Browser is opened with url: ''

2018-12-19 20:23:40 - [TEST_STEP][PASSED] - navigateToUrl: Navigate to 'http://mie.zapto.org:8080/organic/spring_security_login;jsessionid=39FF6051A1022C879F4C2A402172B1C0' successfully

2018-12-19 20:23:41 - [MESSAGE][PASSED] - Navigate to 'http://mie.zapto.org:8080/organic/spring_security_login;jsessionid=39FF6051A1022C879F4C2A402172B1C0' successfully

2018-12-19 20:23:41 - [TEST_STEP][PASSED] - setText: Text 'boss.organic' is set on object 'Object Repository/Page_Login Page/input_User_j_username'

2018-12-19 20:23:42 - [MESSAGE][PASSED] - Text 'boss.organic' is set on object 'Object Repository/Page_Login Page/input_User_j_username'

2018-12-19 20:23:42 - [TEST_STEP][PASSED] - setEncryptedText: Text ****** has been set on object 'Object Repository/Page_Login Page/input_Password_j_password'

2018-12-19 20:23:43 - [MESSAGE][PASSED] - Text ****** has been set on object 'Object Repository/Page_Login Page/input_Password_j_password'

2018-12-19 20:23:43 - [TEST_STEP][PASSED] - click: Object: 'Object Repository/Page_Login Page/input_Password_submit' is clicked on

2018-12-19 20:23:48 - [MESSAGE][PASSED] - Object: 'Object Repository/Page_Login Page/input_Password_submit' is clicked on

2018-12-19 20:23:48 - [TEST_STEP][PASSED] - navigateToUrl: Navigate to 'http://mie.zapto.org:8080/organic/modules/Item' successfully

2018-12-19 20:23:52 - [MESSAGE][PASSED] - Navigate to 'http://mie.zapto.org:8080/organic/modules/Item' successfully]]></system-out>
         <system-err><![CDATA[]]></system-err>
      </testcase>
      <testcase name="Test Cases/itemReg" classname="Test Cases/itemReg" status="PASSED">
         <system-out><![CDATA[2018-12-19 20:23:52 - [TEST_CASE][PASSED] - Test Cases/itemReg: Test Cases/itemReg

2018-12-19 20:23:52 - [TEST_STEP][PASSED] - click: Object: 'Object Repository/Page_organic - Stock Registration/a_  New (1)' is clicked on

2018-12-19 20:23:52 - [MESSAGE][PASSED] - Object: 'Object Repository/Page_organic - Stock Registration/a_  New (1)' is clicked on

2018-12-19 20:23:52 - [TEST_STEP][PASSED] - setText: Text 'PEN' is set on object 'Object Repository/Page_organic - Stock Registration/input_ItemName_ox_organic_Item (1)'

2018-12-19 20:23:53 - [MESSAGE][PASSED] - Text 'PEN' is set on object 'Object Repository/Page_organic - Stock Registration/input_ItemName_ox_organic_Item (1)'

2018-12-19 20:23:53 - [TEST_STEP][PASSED] - selectOptionByValue: All options with value '4' are selected in object 'Object Repository/Page_organic - Stock Registration/select_BOTTLES LANKA (PVT) LTD (1)'  using regular expression

2018-12-19 20:23:54 - [MESSAGE][PASSED] - All options with value '4' are selected in object 'Object Repository/Page_organic - Stock Registration/select_BOTTLES LANKA (PVT) LTD (1)'  using regular expression

2018-12-19 20:23:54 - [TEST_STEP][PASSED] - selectOptionByValue: All options with value '12' are selected in object 'Object Repository/Page_organic - Stock Registration/select_05 GallonDispenserNew B (1)'  using regular expression

2018-12-19 20:23:55 - [MESSAGE][PASSED] - All options with value '12' are selected in object 'Object Repository/Page_organic - Stock Registration/select_05 GallonDispenserNew B (1)'  using regular expression

2018-12-19 20:23:55 - [TEST_STEP][PASSED] - selectOptionByValue: All options with value '1' are selected in object 'Object Repository/Page_organic - Stock Registration/select_MALIBAN PVT LTD null nu'  using regular expression

2018-12-19 20:23:55 - [MESSAGE][PASSED] - All options with value '1' are selected in object 'Object Repository/Page_organic - Stock Registration/select_MALIBAN PVT LTD null nu'  using regular expression

2018-12-19 20:23:55 - [TEST_STEP][PASSED] - setText: Text '10.00' is set on object 'Object Repository/Page_organic - Stock Registration/input_ItemDiscount_ox_organic_ (1)'

2018-12-19 20:23:55 - [MESSAGE][PASSED] - Text '10.00' is set on object 'Object Repository/Page_organic - Stock Registration/input_ItemDiscount_ox_organic_ (1)'

2018-12-19 20:23:55 - [TEST_STEP][PASSED] - click: Object: 'Object Repository/Page_organic - Stock Registration/a_  Save (1)' is clicked on

2018-12-19 20:23:55 - [MESSAGE][PASSED] - Object: 'Object Repository/Page_organic - Stock Registration/a_  Save (1)' is clicked on

2018-12-19 20:23:55 - [TEST_STEP][PASSED] - click: Object: 'Object Repository/Page_organic - Stock Registration/td_Stock Registration created' is clicked on

2018-12-19 20:23:56 - [MESSAGE][PASSED] - Object: 'Object Repository/Page_organic - Stock Registration/td_Stock Registration created' is clicked on]]></system-out>
         <system-err><![CDATA[]]></system-err>
      </testcase>
      <testcase name="Test Cases/itemReg" classname="Test Cases/itemReg" status="PASSED">
         <system-out><![CDATA[2018-12-19 20:23:56 - [TEST_CASE][PASSED] - Test Cases/itemReg: Test Cases/itemReg

2018-12-19 20:23:56 - [TEST_STEP][PASSED] - click: Object: 'Object Repository/Page_organic - Stock Registration/a_  New (1)' is clicked on

2018-12-19 20:23:56 - [MESSAGE][PASSED] - Object: 'Object Repository/Page_organic - Stock Registration/a_  New (1)' is clicked on

2018-12-19 20:23:56 - [TEST_STEP][PASSED] - setText: Text 'PENCIL' is set on object 'Object Repository/Page_organic - Stock Registration/input_ItemName_ox_organic_Item (1)'

2018-12-19 20:23:57 - [MESSAGE][PASSED] - Text 'PENCIL' is set on object 'Object Repository/Page_organic - Stock Registration/input_ItemName_ox_organic_Item (1)'

2018-12-19 20:23:57 - [TEST_STEP][PASSED] - selectOptionByValue: All options with value '4' are selected in object 'Object Repository/Page_organic - Stock Registration/select_BOTTLES LANKA (PVT) LTD (1)'  using regular expression

2018-12-19 20:23:57 - [MESSAGE][PASSED] - All options with value '4' are selected in object 'Object Repository/Page_organic - Stock Registration/select_BOTTLES LANKA (PVT) LTD (1)'  using regular expression

2018-12-19 20:23:57 - [TEST_STEP][PASSED] - selectOptionByValue: All options with value '12' are selected in object 'Object Repository/Page_organic - Stock Registration/select_05 GallonDispenserNew B (1)'  using regular expression

2018-12-19 20:23:58 - [MESSAGE][PASSED] - All options with value '12' are selected in object 'Object Repository/Page_organic - Stock Registration/select_05 GallonDispenserNew B (1)'  using regular expression

2018-12-19 20:23:58 - [TEST_STEP][PASSED] - selectOptionByValue: All options with value '1' are selected in object 'Object Repository/Page_organic - Stock Registration/select_MALIBAN PVT LTD null nu'  using regular expression

2018-12-19 20:23:58 - [MESSAGE][PASSED] - All options with value '1' are selected in object 'Object Repository/Page_organic - Stock Registration/select_MALIBAN PVT LTD null nu'  using regular expression

2018-12-19 20:23:58 - [TEST_STEP][PASSED] - setText: Text '10.00' is set on object 'Object Repository/Page_organic - Stock Registration/input_ItemDiscount_ox_organic_ (1)'

2018-12-19 20:23:58 - [MESSAGE][PASSED] - Text '10.00' is set on object 'Object Repository/Page_organic - Stock Registration/input_ItemDiscount_ox_organic_ (1)'

2018-12-19 20:23:58 - [TEST_STEP][PASSED] - click: Object: 'Object Repository/Page_organic - Stock Registration/a_  Save (1)' is clicked on

2018-12-19 20:23:58 - [MESSAGE][PASSED] - Object: 'Object Repository/Page_organic - Stock Registration/a_  Save (1)' is clicked on

2018-12-19 20:23:58 - [TEST_STEP][PASSED] - click: Object: 'Object Repository/Page_organic - Stock Registration/td_Stock Registration created' is clicked on

2018-12-19 20:23:59 - [MESSAGE][PASSED] - Object: 'Object Repository/Page_organic - Stock Registration/td_Stock Registration created' is clicked on]]></system-out>
         <system-err><![CDATA[]]></system-err>
      </testcase>
      <testcase name="Test Cases/itemReg" classname="Test Cases/itemReg" status="PASSED">
         <system-out><![CDATA[2018-12-19 20:23:59 - [TEST_CASE][PASSED] - Test Cases/itemReg: Test Cases/itemReg

2018-12-19 20:23:59 - [TEST_STEP][PASSED] - click: Object: 'Object Repository/Page_organic - Stock Registration/a_  New (1)' is clicked on

2018-12-19 20:23:59 - [MESSAGE][PASSED] - Object: 'Object Repository/Page_organic - Stock Registration/a_  New (1)' is clicked on

2018-12-19 20:23:59 - [TEST_STEP][PASSED] - setText: Text 'MARKER' is set on object 'Object Repository/Page_organic - Stock Registration/input_ItemName_ox_organic_Item (1)'

2018-12-19 20:23:59 - [MESSAGE][PASSED] - Text 'MARKER' is set on object 'Object Repository/Page_organic - Stock Registration/input_ItemName_ox_organic_Item (1)'

2018-12-19 20:23:59 - [TEST_STEP][PASSED] - selectOptionByValue: All options with value '4' are selected in object 'Object Repository/Page_organic - Stock Registration/select_BOTTLES LANKA (PVT) LTD (1)'  using regular expression

2018-12-19 20:24:00 - [MESSAGE][PASSED] - All options with value '4' are selected in object 'Object Repository/Page_organic - Stock Registration/select_BOTTLES LANKA (PVT) LTD (1)'  using regular expression

2018-12-19 20:24:00 - [TEST_STEP][PASSED] - selectOptionByValue: All options with value '12' are selected in object 'Object Repository/Page_organic - Stock Registration/select_05 GallonDispenserNew B (1)'  using regular expression

2018-12-19 20:24:00 - [MESSAGE][PASSED] - All options with value '12' are selected in object 'Object Repository/Page_organic - Stock Registration/select_05 GallonDispenserNew B (1)'  using regular expression

2018-12-19 20:24:00 - [TEST_STEP][PASSED] - selectOptionByValue: All options with value '1' are selected in object 'Object Repository/Page_organic - Stock Registration/select_MALIBAN PVT LTD null nu'  using regular expression

2018-12-19 20:24:00 - [MESSAGE][PASSED] - All options with value '1' are selected in object 'Object Repository/Page_organic - Stock Registration/select_MALIBAN PVT LTD null nu'  using regular expression

2018-12-19 20:24:00 - [TEST_STEP][PASSED] - setText: Text '10.00' is set on object 'Object Repository/Page_organic - Stock Registration/input_ItemDiscount_ox_organic_ (1)'

2018-12-19 20:24:01 - [MESSAGE][PASSED] - Text '10.00' is set on object 'Object Repository/Page_organic - Stock Registration/input_ItemDiscount_ox_organic_ (1)'

2018-12-19 20:24:01 - [TEST_STEP][PASSED] - click: Object: 'Object Repository/Page_organic - Stock Registration/a_  Save (1)' is clicked on

2018-12-19 20:24:01 - [MESSAGE][PASSED] - Object: 'Object Repository/Page_organic - Stock Registration/a_  Save (1)' is clicked on

2018-12-19 20:24:01 - [TEST_STEP][PASSED] - click: Object: 'Object Repository/Page_organic - Stock Registration/td_Stock Registration created' is clicked on

2018-12-19 20:24:01 - [MESSAGE][PASSED] - Object: 'Object Repository/Page_organic - Stock Registration/td_Stock Registration created' is clicked on]]></system-out>
         <system-err><![CDATA[]]></system-err>
      </testcase>
      <system-out><![CDATA[2018-12-19 20:23:09 - [TEST_SUITE][PASSED] - itemReg: Test Cases/itemReg]]></system-out>
      <system-err><![CDATA[]]></system-err>
   </testsuite>
</testsuites>
